#
# There is insufficient memory for the Java Runtime Environment to continue.
# Native memory allocation (malloc) failed to allocate 1739824 bytes for Chunk::new
# Possible reasons:
#   The system is out of physical RAM or swap space
#   The process is running with CompressedOops enabled, and the Java Heap may be blocking the growth of the native heap
# Possible solutions:
#   Reduce memory load on the system
#   Increase physical memory or swap space
#   Check if swap backing store is full
#   Decrease Java heap size (-Xmx/-Xms)
#   Decrease number of Java threads
#   Decrease Java thread stack sizes (-Xss)
#   Set larger code cache with -XX:ReservedCodeCacheSize=
#   JVM is running with Zero Based Compressed Oops mode in which the Java heap is
#     placed in the first 32GB address space. The Java Heap base address is the
#     maximum limit for the native heap growth. Please use -XX:HeapBaseMinAddress
#     to set the Java Heap base and to place the Java Heap above 32GB virtual address.
# This output file may be truncated or incomplete.
#
#  Out of Memory Error (allocation.cpp:390), pid=20800, tid=0x00000000000047cc
#
# JRE version: Java(TM) SE Runtime Environment (8.0_201-b09) (build 1.8.0_201-b09)
# Java VM: Java HotSpot(TM) 64-Bit Server VM (25.201-b09 mixed mode windows-amd64 compressed oops)
# Failed to write core dump. Minidumps are not enabled by default on client versions of Windows
#

---------------  T H R E A D  ---------------

Current thread (0x000000001ead9000):  JavaThread "C2 CompilerThread0" daemon [_thread_in_native, id=18380, stack(0x000000001f2b0000,0x000000001f3b0000)]

Stack: [0x000000001f2b0000,0x000000001f3b0000]
[error occurred during error reporting (printing stack bounds), id 0xc0000005]

Native frames: (J=compiled Java code, j=interpreted, Vv=VM code, C=native code)


Current CompileTask:
C2:  19833 8716       4       jdk.nashorn.internal.runtime.ScriptFunction::findCallMethod (882 bytes)


---------------  P R O C E S S  ---------------

Java Threads: ( => current thread )
  0x000000001fbf2000 JavaThread "TimerQueue" daemon [_thread_blocked, id=1320, stack(0x0000000022b50000,0x0000000022c50000)]
  0x000000001fb11000 JavaThread "Swing-Shell" daemon [_thread_blocked, id=17508, stack(0x00000000210e0000,0x00000000211e0000)]
  0x000000001fb02000 JavaThread "AWT-EventQueue-0" [_thread_blocked, id=3512, stack(0x0000000020ee0000,0x0000000020fe0000)]
  0x000000001fa49000 JavaThread "AWT-Windows" daemon [_thread_in_native, id=9984, stack(0x00000000203f0000,0x00000000204f0000)]
  0x000000001fa8e800 JavaThread "AWT-Shutdown" [_thread_blocked, id=15172, stack(0x00000000202f0000,0x00000000203f0000)]
  0x000000001fa34800 JavaThread "Java2D Disposer" daemon [_thread_blocked, id=10748, stack(0x00000000201f0000,0x00000000202f0000)]
  0x000000001eb77000 JavaThread "Service Thread" daemon [_thread_blocked, id=12760, stack(0x000000001f6b0000,0x000000001f7b0000)]
  0x000000001eaea800 JavaThread "C1 CompilerThread3" daemon [_thread_blocked, id=2904, stack(0x000000001f5b0000,0x000000001f6b0000)]
  0x000000001eae7000 JavaThread "C2 CompilerThread2" daemon [_thread_blocked, id=10324, stack(0x000000001f4b0000,0x000000001f5b0000)]
  0x000000001eadf000 JavaThread "C2 CompilerThread1" daemon [_thread_blocked, id=19960, stack(0x000000001f3b0000,0x000000001f4b0000)]
=>0x000000001ead9000 JavaThread "C2 CompilerThread0" daemon [_thread_in_native, id=18380, stack(0x000000001f2b0000,0x000000001f3b0000)]
  0x000000001ead7000 JavaThread "Attach Listener" daemon [_thread_blocked, id=19376, stack(0x000000001f1b0000,0x000000001f2b0000)]
  0x000000001ead4000 JavaThread "Signal Dispatcher" daemon [_thread_blocked, id=12228, stack(0x000000001f0b0000,0x000000001f1b0000)]
  0x000000001ead0800 JavaThread "Finalizer" daemon [_thread_blocked, id=9788, stack(0x000000001eeb0000,0x000000001efb0000)]
  0x0000000003235000 JavaThread "Reference Handler" daemon [_thread_blocked, id=19168, stack(0x000000001e9b0000,0x000000001eab0000)]
  0x00000000032de000 JavaThread "main" [_thread_in_vm, id=6796, stack(0x0000000002fb0000,0x00000000030b0000)]

Other Threads:
  0x000000001cbe9000 VMThread [stack: 0x000000001e8b0000,0x000000001e9b0000] [id=20292]
  0x000000001eb92800 WatcherThread [stack: 0x000000001f7b0000,0x000000001f8b0000] [id=13464]

VM state:not at safepoint (normal execution)

VM Mutex/Monitor currently owned by a thread: None

heap address: 0x00000006c3a00000, size: 4038 MB, Compressed Oops mode: Zero based, Oop shift amount: 3
Narrow klass base: 0x0000000000000000, Narrow klass shift: 3
Compressed class space size: 1073741824 Address: 0x00000007c0000000

Heap:
 PSYoungGen      total 904192K, used 598749K [0x000000076be00000, 0x00000007aae00000, 0x00000007c0000000)
  eden space 810496K, 63% used [0x000000076be00000,0x000000078b829c68,0x000000079d580000)
  from space 93696K, 85% used [0x00000007a3a00000,0x00000007a888da20,0x00000007a9580000)
  to   space 102912K, 0% used [0x000000079d580000,0x000000079d580000,0x00000007a3a00000)
 ParOldGen       total 277504K, used 19582K [0x00000006c3a00000, 0x00000006d4900000, 0x000000076be00000)
  object space 277504K, 7% used [0x00000006c3a00000,0x00000006c4d1fbe8,0x00000006d4900000)
 Metaspace       used 45659K, capacity 51324K, committed 60504K, reserved 1103872K
  class space    used 4113K, capacity 4940K, committed 5504K, reserved 1048576K

Card table byte_map: [0x00000000126a0000,0x0000000012e90000] byte_map_base: 0x000000000f083000

Marking Bits: (ParMarkBitMap*) 0x0000000056bf4ce0
 Begin Bits: [0x0000000013be0000, 0x0000000017af8000)
 End Bits:   [0x0000000017af8000, 0x000000001ba10000)

Polling page: 0x00000000012f0000

CodeCache: size=245760Kb used=25422Kb max_used=25440Kb free=220337Kb
 bounds [0x00000000032e0000, 0x0000000004be0000, 0x00000000122e0000]
 total_blobs=7651 nmethods=7020 adapters=541
 compilation: enabled

Compilation events (10 events):
Event: 19.734 Thread 0x000000001eaea800 8796       3       jdk.nashorn.internal.codegen.CodeGenerator$13$2::consumeStack (12 bytes)
Event: 19.735 Thread 0x000000001eaea800 nmethod 8796 0x0000000004bc54d0 code [0x0000000004bc56c0, 0x0000000004bc5f18]
Event: 19.735 Thread 0x000000001eaea800 8797       3       jdk.nashorn.internal.codegen.CodeGenerator$13::access$7000 (6 bytes)
Event: 19.735 Thread 0x000000001eaea800 nmethod 8797 0x0000000004bbc190 code [0x0000000004bbc360, 0x0000000004bbc908]
Event: 19.735 Thread 0x000000001eaea800 8798       3       jdk.nashorn.internal.codegen.CodeGenerator$13::doDecInc (13 bytes)
Event: 19.735 Thread 0x000000001eaea800 nmethod 8798 0x0000000004bccdd0 code [0x0000000004bccfc0, 0x0000000004bcd8c8]
Event: 19.740 Thread 0x000000001eae7000 nmethod 8792 0x0000000004bd4610 code [0x0000000004bd4800, 0x0000000004bd5000]
Event: 19.741 Thread 0x000000001eadf000 nmethod 8791 0x0000000004bd0910 code [0x0000000004bd0b00, 0x0000000004bd1320]
Event: 19.779 Thread 0x000000001eae7000 8799  s    4       sun.misc.URLClassPath::getLookupCache (98 bytes)
Event: 19.780 Thread 0x000000001eae7000 nmethod 8799 0x0000000004bbbd50 code [0x0000000004bbbea0, 0x0000000004bbc0b8]

GC Heap History (10 events):
Event: 14.385 GC heap before
{Heap before GC invocations=16 (full 3):
 PSYoungGen      total 503296K, used 498328K [0x000000076be00000, 0x0000000790200000, 0x00000007c0000000)
  eden space 453632K, 100% used [0x000000076be00000,0x0000000787900000,0x0000000787900000)
  from space 49664K, 89% used [0x000000078d180000,0x000000078fd26390,0x0000000790200000)
  to   space 70144K, 0% used [0x0000000787900000,0x0000000787900000,0x000000078bd80000)
 ParOldGen       total 211456K, used 18931K [0x00000006c3a00000, 0x00000006d0880000, 0x000000076be00000)
  object space 211456K, 8% used [0x00000006c3a00000,0x00000006c4c7ce50,0x00000006d0880000)
 Metaspace       used 40944K, capacity 45988K, committed 52312K, reserved 1097728K
  class space    used 4028K, capacity 4756K, committed 4992K, reserved 1048576K
Event: 14.441 GC heap after
Heap after GC invocations=16 (full 3):
 PSYoungGen      total 523776K, used 59938K [0x000000076be00000, 0x000000079a800000, 0x00000007c0000000)
  eden space 453632K, 0% used [0x000000076be00000,0x000000076be00000,0x0000000787900000)
  from space 70144K, 85% used [0x0000000787900000,0x000000078b388870,0x000000078bd80000)
  to   space 76800K, 0% used [0x0000000795d00000,0x0000000795d00000,0x000000079a800000)
 ParOldGen       total 211456K, used 61162K [0x00000006c3a00000, 0x00000006d0880000, 0x000000076be00000)
  object space 211456K, 28% used [0x00000006c3a00000,0x00000006c75ba950,0x00000006d0880000)
 Metaspace       used 40944K, capacity 45988K, committed 52312K, reserved 1097728K
  class space    used 4028K, capacity 4756K, committed 4992K, reserved 1048576K
}
Event: 15.532 GC heap before
{Heap before GC invocations=17 (full 3):
 PSYoungGen      total 523776K, used 513570K [0x000000076be00000, 0x000000079a800000, 0x00000007c0000000)
  eden space 453632K, 100% used [0x000000076be00000,0x0000000787900000,0x0000000787900000)
  from space 70144K, 85% used [0x0000000787900000,0x000000078b388870,0x000000078bd80000)
  to   space 76800K, 0% used [0x0000000795d00000,0x0000000795d00000,0x000000079a800000)
 ParOldGen       total 211456K, used 61162K [0x00000006c3a00000, 0x00000006d0880000, 0x000000076be00000)
  object space 211456K, 28% used [0x00000006c3a00000,0x00000006c75ba950,0x00000006d0880000)
 Metaspace       used 47199K, capacity 53836K, committed 53976K, reserved 1097728K
  class space    used 4180K, capacity 5040K, committed 5120K, reserved 1048576K
Event: 15.575 GC heap after
Heap after GC invocations=17 (full 3):
 PSYoungGen      total 681984K, used 60233K [0x000000076be00000, 0x000000079b680000, 0x00000007c0000000)
  eden space 605184K, 0% used [0x000000076be00000,0x000000076be00000,0x0000000790d00000)
  from space 76800K, 78% used [0x0000000795d00000,0x00000007997d2490,0x000000079a800000)
  to   space 81920K, 0% used [0x0000000790d00000,0x0000000790d00000,0x0000000795d00000)
 ParOldGen       total 211456K, used 117711K [0x00000006c3a00000, 0x00000006d0880000, 0x000000076be00000)
  object space 211456K, 55% used [0x00000006c3a00000,0x00000006cacf3ca0,0x00000006d0880000)
 Metaspace       used 47199K, capacity 53836K, committed 53976K, reserved 1097728K
  class space    used 4180K, capacity 5040K, committed 5120K, reserved 1048576K
}
Event: 17.031 GC heap before
{Heap before GC invocations=18 (full 3):
 PSYoungGen      total 681984K, used 665417K [0x000000076be00000, 0x000000079b680000, 0x00000007c0000000)
  eden space 605184K, 100% used [0x000000076be00000,0x0000000790d00000,0x0000000790d00000)
  from space 76800K, 78% used [0x0000000795d00000,0x00000007997d2490,0x000000079a800000)
  to   space 81920K, 0% used [0x0000000790d00000,0x0000000790d00000,0x0000000795d00000)
 ParOldGen       total 211456K, used 117711K [0x00000006c3a00000, 0x00000006d0880000, 0x000000076be00000)
  object space 211456K, 55% used [0x00000006c3a00000,0x00000006cacf3ca0,0x00000006d0880000)
 Metaspace       used 55498K, capacity 64496K, committed 64600K, reserved 1107968K
  class space    used 4386K, capacity 5420K, committed 5504K, reserved 1048576K
Event: 17.122 GC heap after
Heap after GC invocations=18 (full 3):
 PSYoungGen      total 687104K, used 80419K [0x000000076be00000, 0x00000007a9580000, 0x00000007c0000000)
  eden space 605184K, 0% used [0x000000076be00000,0x000000076be00000,0x0000000790d00000)
  from space 81920K, 98% used [0x0000000790d00000,0x0000000795b88c78,0x0000000795d00000)
  to   space 93696K, 0% used [0x00000007a3a00000,0x00000007a3a00000,0x00000007a9580000)
 ParOldGen       total 211456K, used 175187K [0x00000006c3a00000, 0x00000006d0880000, 0x000000076be00000)
  object space 211456K, 82% used [0x00000006c3a00000,0x00000006ce514ca0,0x00000006d0880000)
 Metaspace       used 55498K, capacity 64496K, committed 64600K, reserved 1107968K
  class space    used 4386K, capacity 5420K, committed 5504K, reserved 1048576K
}
Event: 17.122 GC heap before
{Heap before GC invocations=19 (full 4):
 PSYoungGen      total 687104K, used 80419K [0x000000076be00000, 0x00000007a9580000, 0x00000007c0000000)
  eden space 605184K, 0% used [0x000000076be00000,0x000000076be00000,0x0000000790d00000)
  from space 81920K, 98% used [0x0000000790d00000,0x0000000795b88c78,0x0000000795d00000)
  to   space 93696K, 0% used [0x00000007a3a00000,0x00000007a3a00000,0x00000007a9580000)
 ParOldGen       total 211456K, used 175187K [0x00000006c3a00000, 0x00000006d0880000, 0x000000076be00000)
  object space 211456K, 82% used [0x00000006c3a00000,0x00000006ce514ca0,0x00000006d0880000)
 Metaspace       used 55498K, capacity 64496K, committed 64600K, reserved 1107968K
  class space    used 4386K, capacity 5420K, committed 5504K, reserved 1048576K
Event: 17.163 GC heap after
Heap after GC invocations=19 (full 4):
 PSYoungGen      total 687104K, used 0K [0x000000076be00000, 0x00000007a9580000, 0x00000007c0000000)
  eden space 605184K, 0% used [0x000000076be00000,0x000000076be00000,0x0000000790d00000)
  from space 81920K, 0% used [0x0000000790d00000,0x0000000790d00000,0x0000000795d00000)
  to   space 93696K, 0% used [0x00000007a3a00000,0x00000007a3a00000,0x00000007a9580000)
 ParOldGen       total 277504K, used 19574K [0x00000006c3a00000, 0x00000006d4900000, 0x000000076be00000)
  object space 277504K, 7% used [0x00000006c3a00000,0x00000006c4d1dbe8,0x00000006d4900000)
 Metaspace       used 30305K, capacity 31834K, committed 60504K, reserved 1103872K
  class space    used 3735K, capacity 4238K, committed 5504K, reserved 1048576K
}
Event: 18.619 GC heap before
{Heap before GC invocations=20 (full 4):
 PSYoungGen      total 687104K, used 605184K [0x000000076be00000, 0x00000007a9580000, 0x00000007c0000000)
  eden space 605184K, 100% used [0x000000076be00000,0x0000000790d00000,0x0000000790d00000)
  from space 81920K, 0% used [0x0000000790d00000,0x0000000790d00000,0x0000000795d00000)
  to   space 93696K, 0% used [0x00000007a3a00000,0x00000007a3a00000,0x00000007a9580000)
 ParOldGen       total 277504K, used 19574K [0x00000006c3a00000, 0x00000006d4900000, 0x000000076be00000)
  object space 277504K, 7% used [0x00000006c3a00000,0x00000006c4d1dbe8,0x00000006d4900000)
 Metaspace       used 38638K, capacity 42568K, committed 60504K, reserved 1103872K
  class space    used 3944K, capacity 4628K, committed 5504K, reserved 1048576K
Event: 18.651 GC heap after
Heap after GC invocations=20 (full 4):
 PSYoungGen      total 904192K, used 80438K [0x000000076be00000, 0x00000007aae00000, 0x00000007c0000000)
  eden space 810496K, 0% used [0x000000076be00000,0x000000076be00000,0x000000079d580000)
  from space 93696K, 85% used [0x00000007a3a00000,0x00000007a888da20,0x00000007a9580000)
  to   space 102912K, 0% used [0x000000079d580000,0x000000079d580000,0x00000007a3a00000)
 ParOldGen       total 277504K, used 19582K [0x00000006c3a00000, 0x00000006d4900000, 0x000000076be00000)
  object space 277504K, 7% used [0x00000006c3a00000,0x00000006c4d1fbe8,0x00000006d4900000)
 Metaspace       used 38638K, capacity 42568K, committed 60504K, reserved 1103872K
  class space    used 3944K, capacity 4628K, committed 5504K, reserved 1048576K
}

Deoptimization events (10 events):
Event: 18.004 Thread 0x00000000032de000 Uncommon trap: reason=array_check action=maybe_recompile pc=0x0000000004b32ae8 method=java.util.AbstractCollection.toArray([Ljava/lang/Object;)[Ljava/lang/Object; @ 119
Event: 18.010 Thread 0x00000000032de000 Uncommon trap: reason=array_check action=maybe_recompile pc=0x0000000004b32ae8 method=java.util.AbstractCollection.toArray([Ljava/lang/Object;)[Ljava/lang/Object; @ 119
Event: 18.011 Thread 0x00000000032de000 Uncommon trap: reason=array_check action=maybe_recompile pc=0x0000000004b32ae8 method=java.util.AbstractCollection.toArray([Ljava/lang/Object;)[Ljava/lang/Object; @ 119
Event: 18.018 Thread 0x00000000032de000 Uncommon trap: reason=array_check action=maybe_recompile pc=0x0000000004b32ae8 method=java.util.AbstractCollection.toArray([Ljava/lang/Object;)[Ljava/lang/Object; @ 119
Event: 18.258 Thread 0x00000000032de000 Uncommon trap: reason=unhandled action=reinterpret pc=0x0000000004b50d94 method=java.lang.invoke.CallSite.<init>(Ljava/lang/invoke/MethodHandle;)V @ 11
Event: 18.367 Thread 0x00000000032de000 Uncommon trap: reason=unhandled action=reinterpret pc=0x0000000004b6377c method=java.lang.invoke.CallSite.<init>(Ljava/lang/invoke/MethodType;)V @ 10
Event: 18.474 Thread 0x00000000032de000 Uncommon trap: reason=unhandled action=reinterpret pc=0x0000000004b71fd4 method=java.lang.invoke.CallSite.<init>(Ljava/lang/invoke/MethodType;)V @ 10
Event: 19.071 Thread 0x00000000032de000 Uncommon trap: reason=unhandled action=reinterpret pc=0x0000000004b7cf94 method=java.lang.invoke.CallSite.<init>(Ljava/lang/invoke/MethodHandle;)V @ 11
Event: 19.178 Thread 0x00000000032de000 Uncommon trap: reason=unhandled action=reinterpret pc=0x0000000004b82cbc method=java.lang.invoke.CallSite.<init>(Ljava/lang/invoke/MethodType;)V @ 10
Event: 19.206 Thread 0x00000000032de000 Uncommon trap: reason=unhandled action=reinterpret pc=0x0000000004b91b14 method=java.lang.invoke.CallSite.<init>(Ljava/lang/invoke/MethodType;)V @ 10

Classes redefined (0 events):
No events

Internal exceptions (10 events):
Event: 6.778 Thread 0x00000000032de000 Implicit null exception at 0x0000000003965c30 to 0x0000000003965d2d
Event: 6.856 Thread 0x00000000032de000 Implicit null exception at 0x00000000039597f4 to 0x0000000003959a4d
Event: 7.713 Thread 0x00000000032de000 Implicit null exception at 0x0000000003ce1660 to 0x0000000003ce2cc9
Event: 7.713 Thread 0x00000000032de000 Implicit null exception at 0x0000000003cb8960 to 0x0000000003cb94d9
Event: 7.713 Thread 0x00000000032de000 Implicit null exception at 0x0000000003b7a2e0 to 0x0000000003b7a75d
Event: 11.995 Thread 0x00000000032de000 Implicit null exception at 0x000000000488597e to 0x0000000004887959
Event: 14.357 Thread 0x00000000032de000 Implicit null exception at 0x00000000049adfdd to 0x00000000049ae261
Event: 14.925 Thread 0x00000000032de000 Implicit null exception at 0x0000000004a0be3f to 0x0000000004a0ddc9
Event: 17.202 Thread 0x00000000032de000 Implicit null exception at 0x00000000041fc1dd to 0x00000000041fc461
Event: 17.826 Thread 0x00000000032de000 Implicit null exception at 0x0000000004b185be to 0x0000000004b1a571

Events (10 events):
Event: 19.826 loading class jdk/nashorn/internal/runtime/Undefined
Event: 19.826 loading class jdk/nashorn/internal/runtime/Undefined done
Event: 19.827 loading class jdk/nashorn/internal/runtime/Undefined
Event: 19.827 loading class jdk/nashorn/internal/runtime/Undefined done
Event: 19.827 loading class jdk/nashorn/internal/runtime/Undefined
Event: 19.827 loading class jdk/nashorn/internal/runtime/Undefined done
Event: 19.827 loading class jdk/nashorn/internal/runtime/Undefined
Event: 19.827 loading class jdk/nashorn/internal/runtime/Undefined done
Event: 19.828 loading class jdk/nashorn/internal/runtime/Undefined
Event: 19.828 loading class jdk/nashorn/internal/runtime/Undefined done


Dynamic libraries:
0x00007ff7da220000 - 0x00007ff7da257000 	C:\Program Files\Java\jre1.8.0_201\bin\javaw.exe
0x00007ffbcc3d0000 - 0x00007ffbcc5c5000 	C:\Windows\SYSTEM32\ntdll.dll
0x00007ffbcc270000 - 0x00007ffbcc32e000 	C:\Windows\System32\KERNEL32.DLL
0x00007ffbc9d70000 - 0x00007ffbca038000 	C:\Windows\System32\KERNELBASE.dll
0x00007ffbcc190000 - 0x00007ffbcc23e000 	C:\Windows\System32\ADVAPI32.dll
0x00007ffbca420000 - 0x00007ffbca4be000 	C:\Windows\System32\msvcrt.dll
0x00007ffbca4c0000 - 0x00007ffbca55c000 	C:\Windows\System32\sechost.dll
0x00007ffbcba90000 - 0x00007ffbcbbb5000 	C:\Windows\System32\RPCRT4.dll
0x00007ffbcb5e0000 - 0x00007ffbcb780000 	C:\Windows\System32\USER32.dll
0x00007ffbca3f0000 - 0x00007ffbca412000 	C:\Windows\System32\win32u.dll
0x00007ffbcc240000 - 0x00007ffbcc26b000 	C:\Windows\System32\GDI32.dll
0x00007ffbca240000 - 0x00007ffbca34d000 	C:\Windows\System32\gdi32full.dll
0x00007ffbca350000 - 0x00007ffbca3ed000 	C:\Windows\System32\msvcp_win.dll
0x00007ffbca040000 - 0x00007ffbca140000 	C:\Windows\System32\ucrtbase.dll
0x00007ffbb13d0000 - 0x00007ffbb166a000 	C:\Windows\WinSxS\amd64_microsoft.windows.common-controls_6595b64144ccf1df_6.0.19041.1110_none_60b5254171f9507e\COMCTL32.dll
0x00007ffbca770000 - 0x00007ffbca7a0000 	C:\Windows\System32\IMM32.DLL
0x00000000554a0000 - 0x0000000055571000 	C:\Program Files\Java\jre1.8.0_201\bin\msvcr100.dll
0x00000000563d0000 - 0x0000000056c74000 	C:\Program Files\Java\jre1.8.0_201\bin\server\jvm.dll
0x00007ffbcbd00000 - 0x00007ffbcbd08000 	C:\Windows\System32\PSAPI.DLL
0x00007ffbbfb00000 - 0x00007ffbbfb0a000 	C:\Windows\SYSTEM32\VERSION.dll
0x00007ffbabb90000 - 0x00007ffbabb99000 	C:\Windows\SYSTEM32\WSOCK32.dll
0x00007ffbb7b90000 - 0x00007ffbb7bb7000 	C:\Windows\SYSTEM32\WINMM.dll
0x00007ffbcb570000 - 0x00007ffbcb5db000 	C:\Windows\System32\WS2_32.dll
0x00007ffba2cb0000 - 0x00007ffba2cbf000 	C:\Program Files\Java\jre1.8.0_201\bin\verify.dll
0x00007ffb92950000 - 0x00007ffb92979000 	C:\Program Files\Java\jre1.8.0_201\bin\java.dll
0x00007ffb92520000 - 0x00007ffb92536000 	C:\Program Files\Java\jre1.8.0_201\bin\zip.dll
0x00007ffbca980000 - 0x00007ffbcb0c4000 	C:\Windows\System32\SHELL32.dll
0x00007ffbc7b80000 - 0x00007ffbc8314000 	C:\Windows\SYSTEM32\windows.storage.dll
0x00007ffbcb0d0000 - 0x00007ffbcb425000 	C:\Windows\System32\combase.dll
0x00007ffbc9530000 - 0x00007ffbc955e000 	C:\Windows\SYSTEM32\Wldp.dll
0x00007ffbca8d0000 - 0x00007ffbca97d000 	C:\Windows\System32\SHCORE.dll
0x00007ffbcb430000 - 0x00007ffbcb485000 	C:\Windows\System32\shlwapi.dll
0x00007ffbc9a20000 - 0x00007ffbc9a3f000 	C:\Windows\SYSTEM32\profapi.dll
0x00007ffbb9b10000 - 0x00007ffbb9ca9000 	C:\Program Files\Java\jre1.8.0_201\bin\awt.dll
0x00007ffbcb9a0000 - 0x00007ffbcba6d000 	C:\Windows\System32\OLEAUT32.dll
0x00007ffbc72c0000 - 0x00007ffbc7350000 	C:\Windows\SYSTEM32\apphelp.dll
0x00007ffbc74a0000 - 0x00007ffbc753e000 	C:\Windows\system32\uxtheme.dll
0x00007ffbcb880000 - 0x00007ffbcb996000 	C:\Windows\System32\MSCTF.dll
0x00007ffbca7a0000 - 0x00007ffbca8ca000 	C:\Windows\System32\ole32.dll
0x00007ffbc8360000 - 0x00007ffbc8372000 	C:\Windows\SYSTEM32\kernel.appcore.dll
0x00007ffbca140000 - 0x00007ffbca1c2000 	C:\Windows\System32\bcryptPrimitives.dll
0x00007ffbc7690000 - 0x00007ffbc76bf000 	C:\Windows\system32\DWMAPI.DLL
0x00007ffba2d40000 - 0x00007ffba2df0000 	C:\Windows\WinSxS\amd64_microsoft.windows.common-controls_6595b64144ccf1df_5.82.19041.1110_none_792d1c772443f647\comctl32.dll
0x00007ffbbd480000 - 0x00007ffbbd4c7000 	C:\Program Files\Java\jre1.8.0_201\bin\fontmanager.dll
0x00007ffbb07d0000 - 0x00007ffbb08f5000 	C:\Windows\system32\opengl32.dll
0x00007ffbb8230000 - 0x00007ffbb825c000 	C:\Windows\SYSTEM32\GLU32.dll
0x00007ffb8e870000 - 0x00007ffb8e88a000 	C:\Program Files\Java\jre1.8.0_201\bin\net.dll
0x00007ffbbe470000 - 0x00007ffbbe65b000 	C:\Windows\SYSTEM32\urlmon.dll
0x00007ffbbdd20000 - 0x00007ffbbdd48000 	C:\Windows\SYSTEM32\srvcli.dll
0x00007ffbbdff0000 - 0x00007ffbbe2a1000 	C:\Windows\SYSTEM32\iertutil.dll
0x00007ffbc9070000 - 0x00007ffbc907c000 	C:\Windows\SYSTEM32\netutils.dll
0x00007ffbc9220000 - 0x00007ffbc928a000 	C:\Windows\system32\mswsock.dll
0x00007ffb8e7c0000 - 0x00007ffb8e7d1000 	C:\Program Files\Java\jre1.8.0_201\bin\nio.dll
0x00007ffbbd430000 - 0x00007ffbbd472000 	C:\Program Files\Java\jre1.8.0_201\bin\t2k.dll
0x00007ffbcbc50000 - 0x00007ffbcbcf9000 	C:\Windows\System32\clbcatq.dll
0x00007ffbc5620000 - 0x00007ffbc5716000 	C:\Windows\SYSTEM32\PROPSYS.dll
0x00007ffbc5500000 - 0x00007ffbc5517000 	C:\Windows\system32\NetworkExplorer.dll
0x00007ffbc9b90000 - 0x00007ffbc9bde000 	C:\Windows\System32\CFGMGR32.dll
0x00007ffbb1980000 - 0x00007ffbb199d000 	C:\Windows\SYSTEM32\MPR.dll
0x00007ffbc6740000 - 0x00007ffbc674b000 	C:\Windows\System32\drprov.dll
0x00007ffbc8b00000 - 0x00007ffbc8b5a000 	C:\Windows\System32\WINSTA.dll
0x00007ffbc1410000 - 0x00007ffbc1431000 	C:\Windows\System32\ntlanman.dll
0x00007ffbc13f0000 - 0x00007ffbc140e000 	C:\Windows\System32\davclnt.dll
0x00007ffbaf930000 - 0x00007ffbaf93d000 	C:\Windows\System32\DAVHLPR.dll
0x00007ffbc8c30000 - 0x00007ffbc8c49000 	C:\Windows\System32\wkscli.dll
0x00007ffb93680000 - 0x00007ffb93692000 	C:\Windows\SYSTEM32\cscapi.dll
0x00007ffbb8770000 - 0x00007ffbb87c6000 	C:\Windows\System32\dlnashext.dll
0x00007ffbb2b30000 - 0x00007ffbb2b94000 	C:\Windows\System32\PlayToDevice.dll
0x00007ffbafe90000 - 0x00007ffbafeb0000 	C:\Windows\System32\DevDispItemProvider.dll
0x00007ffbbfd50000 - 0x00007ffbbfdd5000 	C:\Windows\System32\MMDevApi.dll
0x00007ffbc9880000 - 0x00007ffbc98b4000 	C:\Windows\System32\DEVOBJ.dll
0x00007ffb8ad00000 - 0x00007ffb8ada1000 	C:\Windows\system32\wpdshext.dll
0x00007ffbb1e80000 - 0x00007ffbb2029000 	C:\Windows\WinSxS\amd64_microsoft.windows.gdiplus_6595b64144ccf1df_1.1.19041.1466_none_91a4907ccc87e3b8\gdiplus.dll
0x00007ffbc0580000 - 0x00007ffbc0623000 	C:\Windows\System32\PortableDeviceApi.dll
0x00007ffbcbd10000 - 0x00007ffbcc182000 	C:\Windows\System32\SETUPAPI.dll
0x00007ffbc9d40000 - 0x00007ffbc9d67000 	C:\Windows\System32\bcrypt.dll
0x00007ffbca1d0000 - 0x00007ffbca239000 	C:\Windows\System32\WINTRUST.dll
0x00007ffbc9be0000 - 0x00007ffbc9d36000 	C:\Windows\System32\CRYPT32.dll
0x00007ffbc96c0000 - 0x00007ffbc96d2000 	C:\Windows\System32\MSASN1.dll
0x00007ffbae5f0000 - 0x00007ffbae627000 	C:\Windows\System32\EhStorShell.dll
0x00007ffbb8d70000 - 0x00007ffbb8d96000 	C:\Windows\System32\EhStorAPI.dll
0x00007ffbc5750000 - 0x00007ffbc5764000 	C:\Windows\System32\WTSAPI32.dll
0x00007ffbc0120000 - 0x00007ffbc012d000 	C:\Windows\SYSTEM32\LINKINFO.dll
0x00007ffbc42d0000 - 0x00007ffbc4484000 	C:\Windows\SYSTEM32\WindowsCodecs.dll
0x00007ffbb29b0000 - 0x00007ffbb29ee000 	C:\Windows\system32\dataexchange.dll
0x00007ffbc5d40000 - 0x00007ffbc5fa4000 	C:\Windows\system32\d3d11.dll
0x00007ffbc67b0000 - 0x00007ffbc6995000 	C:\Windows\system32\dcomp.dll
0x00007ffbc84f0000 - 0x00007ffbc85e4000 	C:\Windows\system32\dxgi.dll
0x00007ffbc3e70000 - 0x00007ffbc4071000 	C:\Windows\system32\twinapi.appcore.dll
0x00007ffbbdba0000 - 0x00007ffbbdc99000 	C:\Windows\SYSTEM32\textinputframework.dll
0x00007ffbc7080000 - 0x00007ffbc7172000 	C:\Windows\System32\CoreMessaging.dll
0x00007ffbc6d20000 - 0x00007ffbc707e000 	C:\Windows\System32\CoreUIComponents.dll
0x00007ffbc87d0000 - 0x00007ffbc8803000 	C:\Windows\SYSTEM32\ntmarta.dll
0x00007ffbc6570000 - 0x00007ffbc66c4000 	C:\Windows\SYSTEM32\wintypes.dll

VM Arguments:
jvm_args: -Dfile.encoding=UTF-8 
java_command: com.bijoy2unicode.Main
java_class_path (initial): E:\Spring\sts\sts\STS_workspace\Bijoy2Unicode\out\production\Bijoy2Unicode;E:\Spring\sts\sts\STS_workspace\Bijoy2Unicode\lib\commons-collections4-4.1.jar;E:\Spring\sts\sts\STS_workspace\Bijoy2Unicode\lib\poi-3.17.jar;E:\Spring\sts\sts\STS_workspace\Bijoy2Unicode\lib\poi-ooxml-3.17.jar;E:\Spring\sts\sts\STS_workspace\Bijoy2Unicode\lib\poi-ooxml-schemas-3.17.jar;E:\Spring\sts\sts\STS_workspace\Bijoy2Unicode\lib\xmlbeans-2.6.0.jar
Launcher Type: SUN_STANDARD

Environment Variables:
JAVA_HOME=C:\Program Files\Java\jdk1.8.0_201
PATH=C:\Oracle\bin;C:\Program Files (x86)\Common Files\Oracle\Java\javapath;C:\oracle12c\12.2.0\client_2;C:\Windows\system32;C:\Windows;C:\Windows\System32\Wbem;C:\Windows\System32\WindowsPowerShell\v1.0\;C:\Windows\System32\OpenSSH\;C:\Program Files\PuTTY\;C:\Program Files\Java\jdk1.8.0_201\bin;C:\Program Files (x86)\Microsoft SQL Server\150\DTS\Binn\;C:\Program Files\Azure Data Studio\bin;C:\Program Files\Microsoft SQL Server\Client SDK\ODBC\170\Tools\Binn\;C:\Program Files (x86)\Microsoft SQL Server\150\Tools\Binn\;C:\Program Files\Microsoft SQL Server\150\Tools\Binn\;C:\Program Files\Microsoft SQL Server\150\DTS\Binn\;C:\Program Files\Java\jdk1.8.0_201;C:\Program Files\Java\jre1.8.0_201;C:\Program Files\nodejs\;E:\Spring\apache-tomcat-9.0.1;E:\LifeRay_WS\Ruby\rubyinstaller-3.0.3-1-x64\bin;C:\Users\User\.jpm\windows\bin;D:\Software\Java Software\new software\apache-maven-3.8.4\bin;C:\Users\User\AppData\Local\Microsoft\WindowsApps;;C:\Program Files\Azure Data Studio\bin;C:\Users\User\AppData\Roaming\npm;C:\Users\User\.jpm\windows\bin
USERNAME=User
OS=Windows_NT
PROCESSOR_IDENTIFIER=Intel64 Family 6 Model 142 Stepping 12, GenuineIntel



---------------  S Y S T E M  ---------------

OS: Windows 10.0 , 64 bit Build 19041 (10.0.19041.1503)

CPU:total 8 (initial active 8) (4 cores per cpu, 2 threads per core) family 6 model 142 stepping 12, cmov, cx8, fxsr, mmx, sse, sse2, sse3, ssse3, sse4.1, sse4.2, popcnt, avx, avx2, aes, clmul, erms, 3dnowpref, lzcnt, ht, tsc, tscinvbit, bmi1, bmi2, adx

Memory: 4k page, physical 16532168k(921356k free), swap 32082420k(5480k free)

vm_info: Java HotSpot(TM) 64-Bit Server VM (25.201-b09) for windows-amd64 JRE (1.8.0_201-b09), built on Dec 15 2018 18:36:39 by "java_re" with MS VC++ 10.0 (VS2010)

time: Mon Mar 07 16:34:28 2022
timezone: Bangladesh Standard Time
elapsed time: 19 seconds (0d 0h 0m 19s)

